#
# There is insufficient memory for the Java Runtime Environment to continue.
# Native memory allocation (malloc) failed to allocate 39792 bytes for Chunk::new
# Possible reasons:
#   The system is out of physical RAM or swap space
#   In 32 bit mode, the process size limit was hit
# Possible solutions:
#   Reduce memory load on the system
#   Increase physical memory or swap space
#   Check if swap backing store is full
#   Use 64 bit Java on a 64 bit OS
#   Decrease Java heap size (-Xmx/-Xms)
#   Decrease number of Java threads
#   Decrease Java thread stack sizes (-Xss)
#   Set larger code cache with -XX:ReservedCodeCacheSize=
# This output file may be truncated or incomplete.
#
#  Out of Memory Error (allocation.cpp:390), pid=2112, tid=0x00000e84
#
# JRE version: Java(TM) SE Runtime Environment (8.0_151-b12) (build 1.8.0_151-b12)
# Java VM: Java HotSpot(TM) Client VM (25.151-b12 mixed mode, sharing windows-x86 )
# Failed to write core dump. 
#

---------------  T H R E A D  ---------------

Current thread (0x008e4c00):  JavaThread "main" [_thread_in_native, id=3716, stack(0x00a80000,0x00ad0000)]

Stack: [0x00a80000,0x00ad0000],  sp=0x00acc528,  free space=305k
Native frames: (J=compiled Java code, j=interpreted, Vv=VM code, C=native code)
V  [jvm.dll+0x1aa59b]
V  [jvm.dll+0x1be6d1]
V  [jvm.dll+0x1c147d]
V  [jvm.dll+0x22116c]
V  [jvm.dll+0x15ae2e]
V  [jvm.dll+0xc053b]
V  [jvm.dll+0xc1707]
V  [jvm.dll+0xc1858]
V  [jvm.dll+0x838f0]
V  [jvm.dll+0x8467a]
V  [jvm.dll+0x800e7]
j  com.sun.jmx.mbeanserver.DefaultMXBeanMappingFactory.<clinit>()V+40
v  ~StubRoutines::call_stub
V  [jvm.dll+0x15ad95]
V  [jvm.dll+0x22115e]
V  [jvm.dll+0x15ae2e]
V  [jvm.dll+0xc053b]
V  [jvm.dll+0xc1707]
V  [jvm.dll+0xc1858]
V  [jvm.dll+0x812e1]
j  com.sun.jmx.mbeanserver.MXBeanMappingFactory.<clinit>()V+0
v  ~StubRoutines::call_stub
V  [jvm.dll+0x15ad95]
V  [jvm.dll+0x22115e]
V  [jvm.dll+0x15ae2e]
V  [jvm.dll+0xc053b]
V  [jvm.dll+0xc1707]
V  [jvm.dll+0xc1858]
V  [jvm.dll+0x838f0]
V  [jvm.dll+0x8467a]
V  [jvm.dll+0x800e7]
j  com.sun.jmx.mbeanserver.ConvertingMethod.<init>(Ljava/lang/reflect/Method;)V+9
j  com.sun.jmx.mbeanserver.ConvertingMethod.from(Ljava/lang/reflect/Method;)Lcom/sun/jmx/mbeanserver/ConvertingMethod;+5
j  com.sun.jmx.mbeanserver.MXBeanIntrospector.mFrom(Ljava/lang/reflect/Method;)Lcom/sun/jmx/mbeanserver/ConvertingMethod;+1
j  com.sun.jmx.mbeanserver.MXBeanIntrospector.mFrom(Ljava/lang/reflect/Method;)Ljava/lang/Object;+2
j  com.sun.jmx.mbeanserver.MBeanAnalyzer.initMaps(Ljava/lang/Class;Lcom/sun/jmx/mbeanserver/MBeanIntrospector;)V+61
j  com.sun.jmx.mbeanserver.MBeanAnalyzer.<init>(Ljava/lang/Class;Lcom/sun/jmx/mbeanserver/MBeanIntrospector;)V+104
j  com.sun.jmx.mbeanserver.MBeanAnalyzer.analyzer(Ljava/lang/Class;Lcom/sun/jmx/mbeanserver/MBeanIntrospector;)Lcom/sun/jmx/mbeanserver/MBeanAnalyzer;+6
j  com.sun.jmx.mbeanserver.MXBeanIntrospector.getAnalyzer(Ljava/lang/Class;)Lcom/sun/jmx/mbeanserver/MBeanAnalyzer;+2
j  com.sun.jmx.mbeanserver.MBeanIntrospector.getPerInterface(Ljava/lang/Class;)Lcom/sun/jmx/mbeanserver/PerInterface;+45
j  com.sun.jmx.mbeanserver.MBeanSupport.<init>(Ljava/lang/Object;Ljava/lang/Class;)V+90
j  com.sun.jmx.mbeanserver.MXBeanSupport.<init>(Ljava/lang/Object;Ljava/lang/Class;)V+3
j  javax.management.StandardMBean.construct(Ljava/lang/Object;Ljava/lang/Class;ZZ)V+56
j  javax.management.StandardMBean.<init>(Ljava/lang/Object;Ljava/lang/Class;Z)V+9
j  java.lang.management.ManagementFactory$2.run()Ljava/lang/Void;+70
j  java.lang.management.ManagementFactory$2.run()Ljava/lang/Object;+1
v  ~StubRoutines::call_stub
V  [jvm.dll+0x15ad95]
V  [jvm.dll+0x22115e]
V  [jvm.dll+0x15ae2e]
V  [jvm.dll+0x10b2cf]
C  [java.dll+0x1047]
j  java.lang.management.ManagementFactory.addMXBean(Ljavax/management/MBeanServer;Ljava/lang/management/PlatformManagedObject;)V+9
j  java.lang.management.ManagementFactory.getPlatformMBeanServer()Ljavax/management/MBeanServer;+120
j  org.apache.tomcat.util.modeler.Registry.getMBeanServer()Ljavax/management/MBeanServer;+82
j  org.apache.catalina.util.LifecycleMBeanBase.initInternal()V+13
j  org.apache.catalina.core.StandardServer.initInternal()V+1
j  org.apache.catalina.util.LifecycleBase.init()V+29
j  org.apache.catalina.util.LifecycleBase.start()V+142
j  org.apache.catalina.startup.Tomcat.start()V+14
j  org.apache.tomcat.maven.plugin.tomcat7.run.AbstractRunMojo.startContainer()V+1023
j  org.apache.tomcat.maven.plugin.tomcat7.run.AbstractRunMojo.execute()V+118
j  org.apache.maven.plugin.DefaultBuildPluginManager.executeMojo(Lorg/apache/maven/execution/MavenSession;Lorg/apache/maven/plugin/MojoExecution;)V+155
j  org.apache.maven.lifecycle.internal.MojoExecutor.execute(Lorg/apache/maven/execution/MavenSession;Lorg/apache/maven/plugin/MojoExecution;Lorg/apache/maven/lifecycle/internal/ProjectIndex;Lorg/apache/maven/lifecycle/internal/DependencyContext;)V+220
j  org.apache.maven.lifecycle.internal.MojoExecutor.execute(Lorg/apache/maven/execution/MavenSession;Lorg/apache/maven/plugin/MojoExecution;Lorg/apache/maven/lifecycle/internal/ProjectIndex;Lorg/apache/maven/lifecycle/internal/DependencyContext;Lorg/apache/maven/lifecycle/internal/PhaseRecorder;)V+6
j  org.apache.maven.lifecycle.internal.MojoExecutor.execute(Lorg/apache/maven/execution/MavenSession;Ljava/util/List;Lorg/apache/maven/lifecycle/internal/ProjectIndex;)V+60
j  org.apache.maven.lifecycle.internal.LifecycleModuleBuilder.buildProject(Lorg/apache/maven/execution/MavenSession;Lorg/apache/maven/execution/MavenSession;Lorg/apache/maven/lifecycle/internal/ReactorContext;Lorg/apache/maven/project/MavenProject;Lorg/apache/maven/lifecycle/internal/TaskSegment;)V+180
j  org.apache.maven.lifecycle.internal.LifecycleModuleBuilder.buildProject(Lorg/apache/maven/execution/MavenSession;Lorg/apache/maven/lifecycle/internal/ReactorContext;Lorg/apache/maven/project/MavenProject;Lorg/apache/maven/lifecycle/internal/TaskSegment;)V+7
j  org.apache.maven.lifecycle.internal.builder.singlethreaded.SingleThreadedBuilder.build(Lorg/apache/maven/execution/MavenSession;Lorg/apache/maven/lifecycle/internal/ReactorContext;Lorg/apache/maven/lifecycle/internal/ProjectBuildList;Ljava/util/List;Lorg/apache/maven/lifecycle/internal/ReactorBuildStatus;)V+77
j  org.apache.maven.lifecycle.internal.LifecycleStarter.execute(Lorg/apache/maven/execution/MavenSession;)V+353
j  org.apache.maven.DefaultMaven.doExecute(Lorg/apache/maven/execution/MavenExecutionRequest;Lorg/apache/maven/execution/MavenSession;Lorg/apache/maven/execution/MavenExecutionResult;Lorg/eclipse/aether/DefaultRepositorySystemSession;)Lorg/apache/maven/execution/MavenExecutionResult;+422
j  org.apache.maven.DefaultMaven.doExecute(Lorg/apache/maven/execution/MavenExecutionRequest;)Lorg/apache/maven/execution/MavenExecutionResult;+99
j  org.apache.maven.DefaultMaven.execute(Lorg/apache/maven/execution/MavenExecutionRequest;)Lorg/apache/maven/execution/MavenExecutionResult;+2
j  org.apache.maven.cli.MavenCli.execute(Lorg/apache/maven/cli/CliRequest;)I+27
j  org.apache.maven.cli.MavenCli.doMain(Lorg/apache/maven/cli/CliRequest;)I+66
j  org.apache.maven.cli.MavenCli.main([Ljava/lang/String;Lorg/codehaus/plexus/classworlds/ClassWorld;)I+24
v  ~StubRoutines::call_stub
V  [jvm.dll+0x15ad95]
V  [jvm.dll+0x22115e]
V  [jvm.dll+0x15ae2e]
V  [jvm.dll+0x167598]
V  [jvm.dll+0x167803]
V  [jvm.dll+0x104093]
C  [java.dll+0x3b26]
j  sun.reflect.NativeMethodAccessorImpl.invoke(Ljava/lang/Object;[Ljava/lang/Object;)Ljava/lang/Object;+100
j  sun.reflect.DelegatingMethodAccessorImpl.invoke(Ljava/lang/Object;[Ljava/lang/Object;)Ljava/lang/Object;+6
j  java.lang.reflect.Method.invoke(Ljava/lang/Object;[Ljava/lang/Object;)Ljava/lang/Object;+56
j  org.codehaus.plexus.classworlds.launcher.Launcher.launchEnhanced([Ljava/lang/String;)V+45
j  org.codehaus.plexus.classworlds.launcher.Launcher.launch([Ljava/lang/String;)V+2
j  org.codehaus.plexus.classworlds.launcher.Launcher.mainWithExitCode([Ljava/lang/String;)I+101
j  org.codehaus.plexus.classworlds.launcher.Launcher.main([Ljava/lang/String;)V+1
v  ~StubRoutines::call_stub
V  [jvm.dll+0x15ad95]
V  [jvm.dll+0x22115e]
V  [jvm.dll+0x15ae2e]
V  [jvm.dll+0xdcbb7]
V  [jvm.dll+0xe514f]
C  [javaw.exe+0x22ab]
C  [javaw.exe+0xaf8f]
C  [javaw.exe+0xb019]
...<more frames>...

Java frames: (J=compiled Java code, j=interpreted, Vv=VM code)
j  javax.management.openmbean.SimpleType.<clinit>()V+124
v  ~StubRoutines::call_stub
j  com.sun.jmx.mbeanserver.DefaultMXBeanMappingFactory.<clinit>()V+40
v  ~StubRoutines::call_stub
j  com.sun.jmx.mbeanserver.MXBeanMappingFactory.<clinit>()V+0
v  ~StubRoutines::call_stub
j  com.sun.jmx.mbeanserver.ConvertingMethod.<init>(Ljava/lang/reflect/Method;)V+9
j  com.sun.jmx.mbeanserver.ConvertingMethod.from(Ljava/lang/reflect/Method;)Lcom/sun/jmx/mbeanserver/ConvertingMethod;+5
j  com.sun.jmx.mbeanserver.MXBeanIntrospector.mFrom(Ljava/lang/reflect/Method;)Lcom/sun/jmx/mbeanserver/ConvertingMethod;+1
j  com.sun.jmx.mbeanserver.MXBeanIntrospector.mFrom(Ljava/lang/reflect/Method;)Ljava/lang/Object;+2
j  com.sun.jmx.mbeanserver.MBeanAnalyzer.initMaps(Ljava/lang/Class;Lcom/sun/jmx/mbeanserver/MBeanIntrospector;)V+61
j  com.sun.jmx.mbeanserver.MBeanAnalyzer.<init>(Ljava/lang/Class;Lcom/sun/jmx/mbeanserver/MBeanIntrospector;)V+104
j  com.sun.jmx.mbeanserver.MBeanAnalyzer.analyzer(Ljava/lang/Class;Lcom/sun/jmx/mbeanserver/MBeanIntrospector;)Lcom/sun/jmx/mbeanserver/MBeanAnalyzer;+6
j  com.sun.jmx.mbeanserver.MXBeanIntrospector.getAnalyzer(Ljava/lang/Class;)Lcom/sun/jmx/mbeanserver/MBeanAnalyzer;+2
j  com.sun.jmx.mbeanserver.MBeanIntrospector.getPerInterface(Ljava/lang/Class;)Lcom/sun/jmx/mbeanserver/PerInterface;+45
j  com.sun.jmx.mbeanserver.MBeanSupport.<init>(Ljava/lang/Object;Ljava/lang/Class;)V+90
j  com.sun.jmx.mbeanserver.MXBeanSupport.<init>(Ljava/lang/Object;Ljava/lang/Class;)V+3
j  javax.management.StandardMBean.construct(Ljava/lang/Object;Ljava/lang/Class;ZZ)V+56
j  javax.management.StandardMBean.<init>(Ljava/lang/Object;Ljava/lang/Class;Z)V+9
j  java.lang.management.ManagementFactory$2.run()Ljava/lang/Void;+70
j  java.lang.management.ManagementFactory$2.run()Ljava/lang/Object;+1
v  ~StubRoutines::call_stub
j  java.security.AccessController.doPrivileged(Ljava/security/PrivilegedExceptionAction;)Ljava/lang/Object;+0
j  java.lang.management.ManagementFactory.addMXBean(Ljavax/management/MBeanServer;Ljava/lang/management/PlatformManagedObject;)V+9
j  java.lang.management.ManagementFactory.getPlatformMBeanServer()Ljavax/management/MBeanServer;+120
j  org.apache.tomcat.util.modeler.Registry.getMBeanServer()Ljavax/management/MBeanServer;+82
j  org.apache.catalina.util.LifecycleMBeanBase.initInternal()V+13
j  org.apache.catalina.core.StandardServer.initInternal()V+1
j  org.apache.catalina.util.LifecycleBase.init()V+29
j  org.apache.catalina.util.LifecycleBase.start()V+142
j  org.apache.catalina.startup.Tomcat.start()V+14
j  org.apache.tomcat.maven.plugin.tomcat7.run.AbstractRunMojo.startContainer()V+1023
j  org.apache.tomcat.maven.plugin.tomcat7.run.AbstractRunMojo.execute()V+118
j  org.apache.maven.plugin.DefaultBuildPluginManager.executeMojo(Lorg/apache/maven/execution/MavenSession;Lorg/apache/maven/plugin/MojoExecution;)V+155
j  org.apache.maven.lifecycle.internal.MojoExecutor.execute(Lorg/apache/maven/execution/MavenSession;Lorg/apache/maven/plugin/MojoExecution;Lorg/apache/maven/lifecycle/internal/ProjectIndex;Lorg/apache/maven/lifecycle/internal/DependencyContext;)V+220
j  org.apache.maven.lifecycle.internal.MojoExecutor.execute(Lorg/apache/maven/execution/MavenSession;Lorg/apache/maven/plugin/MojoExecution;Lorg/apache/maven/lifecycle/internal/ProjectIndex;Lorg/apache/maven/lifecycle/internal/DependencyContext;Lorg/apache/maven/lifecycle/internal/PhaseRecorder;)V+6
j  org.apache.maven.lifecycle.internal.MojoExecutor.execute(Lorg/apache/maven/execution/MavenSession;Ljava/util/List;Lorg/apache/maven/lifecycle/internal/ProjectIndex;)V+60
j  org.apache.maven.lifecycle.internal.LifecycleModuleBuilder.buildProject(Lorg/apache/maven/execution/MavenSession;Lorg/apache/maven/execution/MavenSession;Lorg/apache/maven/lifecycle/internal/ReactorContext;Lorg/apache/maven/project/MavenProject;Lorg/apache/maven/lifecycle/internal/TaskSegment;)V+180
j  org.apache.maven.lifecycle.internal.LifecycleModuleBuilder.buildProject(Lorg/apache/maven/execution/MavenSession;Lorg/apache/maven/lifecycle/internal/ReactorContext;Lorg/apache/maven/project/MavenProject;Lorg/apache/maven/lifecycle/internal/TaskSegment;)V+7
j  org.apache.maven.lifecycle.internal.builder.singlethreaded.SingleThreadedBuilder.build(Lorg/apache/maven/execution/MavenSession;Lorg/apache/maven/lifecycle/internal/ReactorContext;Lorg/apache/maven/lifecycle/internal/ProjectBuildList;Ljava/util/List;Lorg/apache/maven/lifecycle/internal/ReactorBuildStatus;)V+77
j  org.apache.maven.lifecycle.internal.LifecycleStarter.execute(Lorg/apache/maven/execution/MavenSession;)V+353
j  org.apache.maven.DefaultMaven.doExecute(Lorg/apache/maven/execution/MavenExecutionRequest;Lorg/apache/maven/execution/MavenSession;Lorg/apache/maven/execution/MavenExecutionResult;Lorg/eclipse/aether/DefaultRepositorySystemSession;)Lorg/apache/maven/execution/MavenExecutionResult;+422
j  org.apache.maven.DefaultMaven.doExecute(Lorg/apache/maven/execution/MavenExecutionRequest;)Lorg/apache/maven/execution/MavenExecutionResult;+99
j  org.apache.maven.DefaultMaven.execute(Lorg/apache/maven/execution/MavenExecutionRequest;)Lorg/apache/maven/execution/MavenExecutionResult;+2
j  org.apache.maven.cli.MavenCli.execute(Lorg/apache/maven/cli/CliRequest;)I+27
j  org.apache.maven.cli.MavenCli.doMain(Lorg/apache/maven/cli/CliRequest;)I+66
j  org.apache.maven.cli.MavenCli.main([Ljava/lang/String;Lorg/codehaus/plexus/classworlds/ClassWorld;)I+24
v  ~StubRoutines::call_stub
j  sun.reflect.NativeMethodAccessorImpl.invoke0(Ljava/lang/reflect/Method;Ljava/lang/Object;[Ljava/lang/Object;)Ljava/lang/Object;+0
j  sun.reflect.NativeMethodAccessorImpl.invoke(Ljava/lang/Object;[Ljava/lang/Object;)Ljava/lang/Object;+100
j  sun.reflect.DelegatingMethodAccessorImpl.invoke(Ljava/lang/Object;[Ljava/lang/Object;)Ljava/lang/Object;+6
j  java.lang.reflect.Method.invoke(Ljava/lang/Object;[Ljava/lang/Object;)Ljava/lang/Object;+56
j  org.codehaus.plexus.classworlds.launcher.Launcher.launchEnhanced([Ljava/lang/String;)V+45
j  org.codehaus.plexus.classworlds.launcher.Launcher.launch([Ljava/lang/String;)V+2
j  org.codehaus.plexus.classworlds.launcher.Launcher.mainWithExitCode([Ljava/lang/String;)I+101
j  org.codehaus.plexus.classworlds.launcher.Launcher.main([Ljava/lang/String;)V+1
v  ~StubRoutines::call_stub

---------------  P R O C E S S  ---------------

Java Threads: ( => current thread )
  0x0098f400 JavaThread "Service Thread" daemon [_thread_blocked, id=2152, stack(0x01c00000,0x01c50000)]
  0x00987c00 JavaThread "C1 CompilerThread0" daemon [_thread_blocked, id=1208, stack(0x13f30000,0x13f80000)]
  0x00986c00 JavaThread "Attach Listener" daemon [_thread_blocked, id=3792, stack(0x03d90000,0x03de0000)]
  0x00983c00 JavaThread "Signal Dispatcher" daemon [_thread_blocked, id=2140, stack(0x03cb0000,0x03d00000)]
  0x0096a000 JavaThread "Finalizer" daemon [_thread_blocked, id=3684, stack(0x13e30000,0x13e80000)]
  0x0090e000 JavaThread "Reference Handler" daemon [_thread_blocked, id=3020, stack(0x01b20000,0x01b70000)]
=>0x008e4c00 JavaThread "main" [_thread_in_native, id=3716, stack(0x00a80000,0x00ad0000)]

Other Threads:
  0x00909800 VMThread [stack: 0x03d10000,0x03d60000] [id=2484]
  0x157a8400 WatcherThread [stack: 0x01b80000,0x01bd0000] [id=912]

VM state:not at safepoint (normal execution)

VM Mutex/Monitor currently owned by a thread: None

Heap:
 def new generation   total 6336K, used 2235K [0x03e00000, 0x044e0000, 0x09350000)
  eden space 5632K,  27% used [0x03e00000, 0x03f7ef58, 0x04380000)
  from space 704K,  99% used [0x04430000, 0x044dfea8, 0x044e0000)
  to   space 704K,   0% used [0x04380000, 0x04380000, 0x04430000)
 tenured generation   total 14072K, used 11832K [0x09350000, 0x0a10e000, 0x13e00000)
   the space 14072K,  84% used [0x09350000, 0x09ede1a0, 0x09ede200, 0x0a10e000)
 Metaspace       used 8701K, capacity 9971K, committed 9984K, reserved 10624K

Card table byte_map: [0x01a90000,0x01b20000] byte_map_base: 0x01a71000

Polling page: 0x00200000

CodeCache: size=32768Kb used=2690Kb max_used=2799Kb free=30077Kb
 bounds [0x01c90000, 0x01f50000, 0x03c90000]
 total_blobs=1625 nmethods=1443 adapters=114
 compilation: enabled

Compilation events (10 events):
Event: 3.760 Thread 0x00987c00 1478             java.lang.Class$MethodArray::add (72 bytes)
Event: 3.760 Thread 0x00987c00 nmethod 1478 0x01f4b948 code [0x01f4ba70, 0x01f4bc64]
Event: 3.760 Thread 0x00987c00 1479             java.lang.Class$MethodArray::length (5 bytes)
Event: 3.760 Thread 0x00987c00 nmethod 1479 0x01f4be88 code [0x01f4bf80, 0x01f4c000]
Event: 3.761 Thread 0x00987c00 1480             java.lang.Class::privateGetPublicMethods (267 bytes)
Event: 3.762 Thread 0x00987c00 nmethod 1480 0x01f4c048 code [0x01f4c290, 0x01f4c8e4]
Event: 3.764 Thread 0x00987c00 1481             java.lang.Class$MethodArray::compactAndTrim (69 bytes)
Event: 3.764 Thread 0x00987c00 nmethod 1481 0x01f13e08 code [0x01f13f20, 0x01f140fc]
Event: 3.795 Thread 0x00987c00 1482             java.util.Arrays$ArrayList::<init> (16 bytes)
Event: 3.795 Thread 0x00987c00 nmethod 1482 0x01ee4248 code [0x01ee4350, 0x01ee444c]

GC Heap History (10 events):
Event: 3.326 GC heap before
{Heap before GC invocations=36 (full 1):
 def new generation   total 6336K, used 5923K [0x03e00000, 0x044e0000, 0x09350000)
  eden space 5632K,  99% used [0x03e00000, 0x0437fb30, 0x04380000)
  from space 704K,  41% used [0x04380000, 0x043c9350, 0x04430000)
  to   space 704K,   0% used [0x04430000, 0x04430000, 0x044e0000)
 tenured generation   total 14072K, used 10298K [0x09350000, 0x0a10e000, 0x13e00000)
   the space 14072K,  73% used [0x09350000, 0x09d5e950, 0x09d5ea00, 0x0a10e000)
 Metaspace       used 6841K, capacity 8619K, committed 8704K, reserved 9600K
Event: 3.328 GC heap after
Heap after GC invocations=37 (full 1):
 def new generation   total 6336K, used 704K [0x03e00000, 0x044e0000, 0x09350000)
  eden space 5632K,   0% used [0x03e00000, 0x03e00000, 0x04380000)
  from space 704K, 100% used [0x04430000, 0x044e0000, 0x044e0000)
  to   space 704K,   0% used [0x04380000, 0x04380000, 0x04430000)
 tenured generation   total 14072K, used 10434K [0x09350000, 0x0a10e000, 0x13e00000)
   the space 14072K,  74% used [0x09350000, 0x09d808f0, 0x09d80a00, 0x0a10e000)
 Metaspace       used 6841K, capacity 8619K, committed 8704K, reserved 9600K
}
Event: 3.385 GC heap before
{Heap before GC invocations=37 (full 1):
 def new generation   total 6336K, used 6336K [0x03e00000, 0x044e0000, 0x09350000)
  eden space 5632K, 100% used [0x03e00000, 0x04380000, 0x04380000)
  from space 704K, 100% used [0x04430000, 0x044e0000, 0x044e0000)
  to   space 704K,   0% used [0x04380000, 0x04380000, 0x04430000)
 tenured generation   total 14072K, used 10434K [0x09350000, 0x0a10e000, 0x13e00000)
   the space 14072K,  74% used [0x09350000, 0x09d808f0, 0x09d80a00, 0x0a10e000)
 Metaspace       used 6860K, capacity 8619K, committed 8704K, reserved 9600K
Event: 3.387 GC heap after
Heap after GC invocations=38 (full 1):
 def new generation   total 6336K, used 496K [0x03e00000, 0x044e0000, 0x09350000)
  eden space 5632K,   0% used [0x03e00000, 0x03e00000, 0x04380000)
  from space 704K,  70% used [0x04380000, 0x043fc050, 0x04430000)
  to   space 704K,   0% used [0x04430000, 0x04430000, 0x044e0000)
 tenured generation   total 14072K, used 10953K [0x09350000, 0x0a10e000, 0x13e00000)
   the space 14072K,  77% used [0x09350000, 0x09e027c8, 0x09e02800, 0x0a10e000)
 Metaspace       used 6860K, capacity 8619K, committed 8704K, reserved 9600K
}
Event: 3.488 GC heap before
{Heap before GC invocations=38 (full 1):
 def new generation   total 6336K, used 6128K [0x03e00000, 0x044e0000, 0x09350000)
  eden space 5632K, 100% used [0x03e00000, 0x04380000, 0x04380000)
  from space 704K,  70% used [0x04380000, 0x043fc050, 0x04430000)
  to   space 704K,   0% used [0x04430000, 0x04430000, 0x044e0000)
 tenured generation   total 14072K, used 10953K [0x09350000, 0x0a10e000, 0x13e00000)
   the space 14072K,  77% used [0x09350000, 0x09e027c8, 0x09e02800, 0x0a10e000)
 Metaspace       used 7368K, capacity 9139K, committed 9216K, reserved 9600K
Event: 3.490 GC heap after
Heap after GC invocations=39 (full 1):
 def new generation   total 6336K, used 704K [0x03e00000, 0x044e0000, 0x09350000)
  eden space 5632K,   0% used [0x03e00000, 0x03e00000, 0x04380000)
  from space 704K, 100% used [0x04430000, 0x044e0000, 0x044e0000)
  to   space 704K,   0% used [0x04380000, 0x04380000, 0x04430000)
 tenured generation   total 14072K, used 11167K [0x09350000, 0x0a10e000, 0x13e00000)
   the space 14072K,  79% used [0x09350000, 0x09e37e88, 0x09e38000, 0x0a10e000)
 Metaspace       used 7368K, capacity 9139K, committed 9216K, reserved 9600K
}
Event: 3.634 GC heap before
{Heap before GC invocations=39 (full 1):
 def new generation   total 6336K, used 6336K [0x03e00000, 0x044e0000, 0x09350000)
  eden space 5632K, 100% used [0x03e00000, 0x04380000, 0x04380000)
  from space 704K, 100% used [0x04430000, 0x044e0000, 0x044e0000)
  to   space 704K,   0% used [0x04380000, 0x04380000, 0x04430000)
 tenured generation   total 14072K, used 11167K [0x09350000, 0x0a10e000, 0x13e00000)
   the space 14072K,  79% used [0x09350000, 0x09e37e88, 0x09e38000, 0x0a10e000)
 Metaspace       used 7781K, capacity 9395K, committed 9472K, reserved 9600K
Event: 3.638 GC heap after
Heap after GC invocations=40 (full 1):
 def new generation   total 6336K, used 701K [0x03e00000, 0x044e0000, 0x09350000)
  eden space 5632K,   0% used [0x03e00000, 0x03e00000, 0x04380000)
  from space 704K,  99% used [0x04380000, 0x0442f5e8, 0x04430000)
  to   space 704K,   0% used [0x04430000, 0x04430000, 0x044e0000)
 tenured generation   total 14072K, used 11437K [0x09350000, 0x0a10e000, 0x13e00000)
   the space 14072K,  81% used [0x09350000, 0x09e7b5e8, 0x09e7b600, 0x0a10e000)
 Metaspace       used 7781K, capacity 9395K, committed 9472K, reserved 9600K
}
Event: 3.743 GC heap before
{Heap before GC invocations=40 (full 1):
 def new generation   total 6336K, used 6333K [0x03e00000, 0x044e0000, 0x09350000)
  eden space 5632K, 100% used [0x03e00000, 0x04380000, 0x04380000)
  from space 704K,  99% used [0x04380000, 0x0442f5e8, 0x04430000)
  to   space 704K,   0% used [0x04430000, 0x04430000, 0x044e0000)
 tenured generation   total 14072K, used 11437K [0x09350000, 0x0a10e000, 0x13e00000)
   the space 14072K,  81% used [0x09350000, 0x09e7b5e8, 0x09e7b600, 0x0a10e000)
 Metaspace       used 8246K, capacity 9811K, committed 9856K, reserved 10624K
Event: 3.746 GC heap after
Heap after GC invocations=41 (full 1):
 def new generation   total 6336K, used 703K [0x03e00000, 0x044e0000, 0x09350000)
  eden space 5632K,   0% used [0x03e00000, 0x03e00000, 0x04380000)
  from space 704K,  99% used [0x04430000, 0x044dfea8, 0x044e0000)
  to   space 704K,   0% used [0x04380000, 0x04380000, 0x04430000)
 tenured generation   total 14072K, used 11832K [0x09350000, 0x0a10e000, 0x13e00000)
   the space 14072K,  84% used [0x09350000, 0x09ede1a0, 0x09ede200, 0x0a10e000)
 Metaspace       used 8246K, capacity 9811K, committed 9856K, reserved 10624K
}

Deoptimization events (0 events):
No events

Internal exceptions (10 events):
Event: 3.275 Thread 0x008e4c00 Exception <a 'java/lang/ArrayIndexOutOfBoundsException'> (0x042bda50) thrown at [C:\workspace\8-2-build-windows-i586-cygwin\jdk8u151\9699\hotspot\src\share\vm\runtime\sharedRuntime.cpp, line 605]
Event: 3.276 Thread 0x008e4c00 Exception <a 'java/lang/ArrayIndexOutOfBoundsException'> (0x042bf3d0) thrown at [C:\workspace\8-2-build-windows-i586-cygwin\jdk8u151\9699\hotspot\src\share\vm\runtime\sharedRuntime.cpp, line 605]
Event: 3.276 Thread 0x008e4c00 Exception <a 'java/lang/ArrayIndexOutOfBoundsException'> (0x042c03e0) thrown at [C:\workspace\8-2-build-windows-i586-cygwin\jdk8u151\9699\hotspot\src\share\vm\runtime\sharedRuntime.cpp, line 605]
Event: 3.276 Thread 0x008e4c00 Exception <a 'java/lang/ArrayIndexOutOfBoundsException'> (0x042c18b0) thrown at [C:\workspace\8-2-build-windows-i586-cygwin\jdk8u151\9699\hotspot\src\share\vm\runtime\sharedRuntime.cpp, line 605]
Event: 3.276 Thread 0x008e4c00 Exception <a 'java/lang/ArrayIndexOutOfBoundsException'> (0x042c2c00) thrown at [C:\workspace\8-2-build-windows-i586-cygwin\jdk8u151\9699\hotspot\src\share\vm\runtime\sharedRuntime.cpp, line 605]
Event: 3.399 Thread 0x008e4c00 Exception <a 'java/lang/ArrayIndexOutOfBoundsException'> (0x03eaa520) thrown at [C:\workspace\8-2-build-windows-i586-cygwin\jdk8u151\9699\hotspot\src\share\vm\runtime\sharedRuntime.cpp, line 605]
Event: 3.399 Thread 0x008e4c00 Exception <a 'java/lang/ArrayIndexOutOfBoundsException'> (0x03eab6c0) thrown at [C:\workspace\8-2-build-windows-i586-cygwin\jdk8u151\9699\hotspot\src\share\vm\runtime\sharedRuntime.cpp, line 605]
Event: 3.399 Thread 0x008e4c00 Exception <a 'java/lang/ArrayIndexOutOfBoundsException'> (0x03eacb38) thrown at [C:\workspace\8-2-build-windows-i586-cygwin\jdk8u151\9699\hotspot\src\share\vm\runtime\sharedRuntime.cpp, line 605]
Event: 3.400 Thread 0x008e4c00 Exception <a 'java/lang/ArrayIndexOutOfBoundsException'> (0x03eadfe0) thrown at [C:\workspace\8-2-build-windows-i586-cygwin\jdk8u151\9699\hotspot\src\share\vm\runtime\sharedRuntime.cpp, line 605]
Event: 3.539 Thread 0x008e4c00 Exception <a 'java/io/FileNotFoundException'> (0x040ab9b0) thrown at [C:\workspace\8-2-build-windows-i586-cygwin\jdk8u151\9699\hotspot\src\share\vm\prims\jni.cpp, line 709]

Events (10 events):
Event: 3.794 loading class com/sun/jmx/mbeanserver/DefaultMXBeanMappingFactory$Mappings done
Event: 3.794 loading class javax/management/openmbean/OpenType
Event: 3.794 loading class javax/management/openmbean/OpenType done
Event: 3.794 loading class javax/management/openmbean/SimpleType
Event: 3.794 loading class javax/management/openmbean/SimpleType done
Event: 3.794 loading class javax/management/openmbean/CompositeData
Event: 3.794 loading class javax/management/openmbean/CompositeData done
Event: 3.794 loading class javax/management/openmbean/TabularData
Event: 3.794 loading class javax/management/openmbean/TabularData done
Event: 3.795 loading class java/math/BigDecimal


Dynamic libraries:
0x00ad0000 - 0x00b03000 	C:\Program Files\Java\jre1.8.0_151\bin\javaw.exe
0x77390000 - 0x774b9000 	C:\Windows\system32\ntdll.dll
0x76350000 - 0x7642d000 	C:\Windows\system32\kernel32.dll
0x75aa0000 - 0x75b67000 	C:\Windows\system32\ADVAPI32.dll
0x75d80000 - 0x75e42000 	C:\Windows\system32\RPCRT4.dll
0x762b0000 - 0x7634d000 	C:\Windows\system32\USER32.dll
0x75a50000 - 0x75a9c000 	C:\Windows\system32\GDI32.dll
0x74510000 - 0x746ae000 	C:\Windows\WinSxS\x86_microsoft.windows.common-controls_6595b64144ccf1df_6.0.6002.19373_none_5cbe60a608848a19\COMCTL32.dll
0x76490000 - 0x7653a000 	C:\Windows\system32\msvcrt.dll
0x76430000 - 0x76489000 	C:\Windows\system32\SHLWAPI.dll
0x76570000 - 0x7658e000 	C:\Windows\system32\IMM32.DLL
0x75e50000 - 0x75f18000 	C:\Windows\system32\MSCTF.dll
0x774c0000 - 0x774c9000 	C:\Windows\system32\LPK.DLL
0x76220000 - 0x7629e000 	C:\Windows\system32\USP10.dll
0x6b850000 - 0x6b90f000 	C:\Program Files\Java\jre1.8.0_151\bin\msvcr100.dll
0x698b0000 - 0x69c7e000 	C:\Program Files\Java\jre1.8.0_151\bin\client\jvm.dll
0x74420000 - 0x74427000 	C:\Windows\system32\WSOCK32.dll
0x75d50000 - 0x75d7d000 	C:\Windows\system32\WS2_32.dll
0x762a0000 - 0x762a6000 	C:\Windows\system32\NSI.dll
0x73f70000 - 0x73fa2000 	C:\Windows\system32\WINMM.dll
0x75b70000 - 0x75cb7000 	C:\Windows\system32\ole32.dll
0x75cc0000 - 0x75d50000 	C:\Windows\system32\OLEAUT32.dll
0x73f30000 - 0x73f6e000 	C:\Windows\system32\OLEACC.dll
0x74d40000 - 0x74d48000 	C:\Windows\system32\VERSION.dll
0x75a40000 - 0x75a47000 	C:\Windows\system32\PSAPI.DLL
0x74430000 - 0x7443c000 	C:\Program Files\Java\jre1.8.0_151\bin\verify.dll
0x70130000 - 0x70151000 	C:\Program Files\Java\jre1.8.0_151\bin\java.dll
0x71c80000 - 0x71c94000 	C:\Program Files\Java\jre1.8.0_151\bin\zip.dll
0x766b0000 - 0x771c1000 	C:\Windows\system32\SHELL32.dll
0x75900000 - 0x7591e000 	C:\Windows\system32\USERENV.dll
0x758e0000 - 0x758f4000 	C:\Windows\system32\Secur32.dll
0x742c0000 - 0x742c8000 	C:\SSM\apache-maven-3.5.0\lib\jansi-native\windows32\jansi.dll
0x71a50000 - 0x71a66000 	C:\Program Files\Java\jre1.8.0_151\bin\net.dll
0x75050000 - 0x7508b000 	C:\Windows\system32\mswsock.dll
0x75160000 - 0x75165000 	C:\Windows\System32\wship6.dll
0x728f0000 - 0x728ff000 	C:\Program Files\Java\jre1.8.0_151\bin\nio.dll
0x74e10000 - 0x74e4b000 	C:\Windows\system32\rsaenh.dll
0x752b0000 - 0x752c9000 	C:\Windows\system32\IPHLPAPI.DLL
0x75270000 - 0x752a5000 	C:\Windows\system32\dhcpcsvc.DLL
0x754b0000 - 0x754dc000 	C:\Windows\system32\DNSAPI.dll
0x75260000 - 0x75267000 	C:\Windows\system32\WINNSI.DLL
0x75230000 - 0x75252000 	C:\Windows\system32\dhcpcsvc6.DLL
0x74240000 - 0x7424a000 	C:\Program Files\Java\jre1.8.0_151\bin\management.dll

VM Arguments:
jvm_args: -Dmaven.home=C:\SSM\apache-maven-3.5.0 -Dclassworlds.conf=C:\Users\Administrator\workspace\.metadata\.plugins\org.eclipse.m2e.launching\launches\m2conf5255520211274123406.tmp -Dmaven.multiModuleProjectDirectory=C:\Users\Administrator\workspace\maven_ -Dfile.encoding=GBK 
java_command: org.codehaus.plexus.classworlds.launcher.Launcher -B -gs C:\SSM\apache-maven-3.5.0\conf\settings.xml -s C:\SSM\apache-maven-3.5.0\conf\settings.xml tomcat7:run
java_class_path (initial): C:\SSM\apache-maven-3.5.0\boot\plexus-classworlds-2.5.2.jar
Launcher Type: SUN_STANDARD

Environment Variables:
CLASSPATH=C:\Program Files\Java\jdk1.8.0_151\lib\tools.jar;C:\Program Files\Java\jdk1.8.0_151\lib\dt.jar;C:\Program Files\Java\jdk1.8.0_151\lib\tools.jar
PATH=C:/Program Files/Java/jre1.8.0_151/bin/client;C:/Program Files/Java/jre1.8.0_151/bin;C:/Program Files/Java/jre1.8.0_151/lib/i386;C:\ProgramData\Oracle\Java\javapath;C:\Windows\system32;C:\Windows;C:\Windows\System32\Wbem;C:\Windows\System32\WindowsPowerShell\v1.0\;C:\Windows\System32\WindowsPowerShell\v1.0\;C:\Windows\System32\WindowsPowerShell\v1.0\;C:\mysql-5.6.37-win32\bin;C:\Program Files\Java\jdk1.8.0_151\bin;C:\SSM\apache-maven-3.5.0\bin;C:\SSM\SSM\eclipse-jee-neon-3-win32\eclipse;
USERNAME=Administrator
OS=Windows_NT
PROCESSOR_IDENTIFIER=x86 Family 6 Model 79 Stepping 1, GenuineIntel



---------------  S Y S T E M  ---------------

OS: Windows Server 2008 Build 6002 (6.0.6002.19623)

CPU:total 1 (initial active 1) (1 cores per cpu, 1 threads per core) family 6 model 79 stepping 1, cmov, cx8, fxsr, mmx, sse, sse2, sse3, ssse3, sse4.1, sse4.2, popcnt, aes, clmul, erms, rtm, 3dnowpref, lzcnt, tsc, bmi1, bmi2, adx

Memory: 4k page, physical 2095908k(50676k free), swap 2029444k(4504k free)

vm_info: Java HotSpot(TM) Client VM (25.151-b12) for windows-x86 JRE (1.8.0_151-b12), built on Sep  5 2017 19:31:49 by "java_re" with MS VC++ 10.0 (VS2010)

time: Sun Dec 10 15:26:27 2017
elapsed time: 3 seconds (0d 0h 0m 3s)

